2011/09/14 13:06:29 [trace] [system.db.CDbConnection] Opening DB connection
in /home/x3engine/public_html/x2jake/protected/models/Profile.php (39)
in /home/x3engine/public_html/x2jake/protected/components/ApplicationConfigBehavior.php (26)
in /home/x3engine/public_html/x2jake/index.php (24)
2011/09/14 13:06:29 [trace] [system.db.CDbCommand] Querying SQL: SHOW COLUMNS FROM `x2_profile`
in /home/x3engine/public_html/x2jake/protected/models/Profile.php (39)
in /home/x3engine/public_html/x2jake/protected/components/ApplicationConfigBehavior.php (26)
in /home/x3engine/public_html/x2jake/index.php (24)
2011/09/14 13:06:29 [trace] [system.db.CDbCommand] Querying SQL: SHOW CREATE TABLE `x2_profile`
in /home/x3engine/public_html/x2jake/protected/models/Profile.php (39)
in /home/x3engine/public_html/x2jake/protected/components/ApplicationConfigBehavior.php (26)
in /home/x3engine/public_html/x2jake/index.php (24)
2011/09/14 13:06:29 [trace] [system.db.ar.CActiveRecord] Profile.findByPk()
in /home/x3engine/public_html/x2jake/protected/components/ApplicationConfigBehavior.php (26)
in /home/x3engine/public_html/x2jake/index.php (24)
2011/09/14 13:06:29 [trace] [system.db.CDbCommand] Querying SQL: SELECT * FROM `x2_profile` `t` WHERE `t`.`id`=1 LIMIT 1
in /home/x3engine/public_html/x2jake/protected/components/ApplicationConfigBehavior.php (26)
in /home/x3engine/public_html/x2jake/index.php (24)
2011/09/14 13:06:29 [trace] [system.db.ar.CActiveRecord] Profile.findByAttributes()
in /home/x3engine/public_html/x2jake/protected/components/ApplicationConfigBehavior.php (31)
in /home/x3engine/public_html/x2jake/index.php (24)
2011/09/14 13:06:29 [trace] [system.db.CDbCommand] Querying SQL: SELECT * FROM `x2_profile` `t` WHERE `t`.`username`=:yp0 LIMIT 1
in /home/x3engine/public_html/x2jake/protected/components/ApplicationConfigBehavior.php (31)
in /home/x3engine/public_html/x2jake/index.php (24)
2011/09/14 13:06:29 [trace] [system.db.CDbCommand] Querying SQL: SHOW COLUMNS FROM `x2_media`
in /home/x3engine/public_html/x2jake/protected/models/Media.php (22)
in /home/x3engine/public_html/x2jake/protected/components/ApplicationConfigBehavior.php (32)
in /home/x3engine/public_html/x2jake/index.php (24)
2011/09/14 13:06:29 [trace] [system.db.CDbCommand] Querying SQL: SHOW CREATE TABLE `x2_media`
in /home/x3engine/public_html/x2jake/protected/models/Media.php (22)
in /home/x3engine/public_html/x2jake/protected/components/ApplicationConfigBehavior.php (32)
in /home/x3engine/public_html/x2jake/index.php (24)
2011/09/14 13:06:29 [trace] [system.db.ar.CActiveRecord] Media.findByAttributes()
in /home/x3engine/public_html/x2jake/protected/components/ApplicationConfigBehavior.php (32)
in /home/x3engine/public_html/x2jake/index.php (24)
2011/09/14 13:06:29 [trace] [system.db.CDbCommand] Querying SQL: SELECT * FROM `x2_media` `t` WHERE `t`.`associationId`=:yp0 AND `t`.`associationType`=:yp1 LIMIT 1
in /home/x3engine/public_html/x2jake/protected/components/ApplicationConfigBehavior.php (32)
in /home/x3engine/public_html/x2jake/index.php (24)
2011/09/14 13:06:29 [trace] [system.db.CDbCommand] Querying SQL: SHOW COLUMNS FROM `x2_social`
in /home/x3engine/public_html/x2jake/protected/models/Social.php (24)
in /home/x3engine/public_html/x2jake/protected/components/ApplicationConfigBehavior.php (36)
in /home/x3engine/public_html/x2jake/index.php (24)
2011/09/14 13:06:29 [trace] [system.db.CDbCommand] Querying SQL: SHOW CREATE TABLE `x2_social`
in /home/x3engine/public_html/x2jake/protected/models/Social.php (24)
in /home/x3engine/public_html/x2jake/protected/components/ApplicationConfigBehavior.php (36)
in /home/x3engine/public_html/x2jake/index.php (24)
2011/09/14 13:06:29 [trace] [system.db.ar.CActiveRecord] Social.findByAttributes()
in /home/x3engine/public_html/x2jake/protected/components/ApplicationConfigBehavior.php (36)
in /home/x3engine/public_html/x2jake/index.php (24)
2011/09/14 13:06:29 [trace] [system.db.CDbCommand] Querying SQL: SELECT * FROM `x2_social` `t` WHERE `t`.`type`=:yp0 LIMIT 1
in /home/x3engine/public_html/x2jake/protected/components/ApplicationConfigBehavior.php (36)
in /home/x3engine/public_html/x2jake/index.php (24)
2011/09/14 13:06:29 [trace] [system.db.ar.CActiveRecord] ProfileChild.findByPk()
in /home/x3engine/public_html/x2jake/protected/models/ProfileChild.php (53)
in /home/x3engine/public_html/x2jake/x2base.php (308)
in /home/x3engine/public_html/x2jake/index.php (24)
2011/09/14 13:06:29 [trace] [system.db.CDbCommand] Querying SQL: SELECT * FROM `x2_profile` `t` WHERE `t`.`id`=1 LIMIT 1
in /home/x3engine/public_html/x2jake/protected/models/ProfileChild.php (53)
in /home/x3engine/public_html/x2jake/x2base.php (308)
in /home/x3engine/public_html/x2jake/index.php (24)
2011/09/14 13:06:29 [trace] [system.db.CDbCommand] Querying SQL: SHOW COLUMNS FROM `x2_actions`
in /home/x3engine/public_html/x2jake/protected/controllers/ActionsController.php (385)
in /home/x3engine/public_html/x2jake/x2base.php (313)
in /home/x3engine/public_html/x2jake/index.php (24)
2011/09/14 13:06:29 [trace] [system.db.CDbCommand] Querying SQL: SHOW CREATE TABLE `x2_actions`
in /home/x3engine/public_html/x2jake/protected/controllers/ActionsController.php (385)
in /home/x3engine/public_html/x2jake/x2base.php (313)
in /home/x3engine/public_html/x2jake/index.php (24)
2011/09/14 13:06:29 [trace] [system.db.ar.CActiveRecord] Profile.findByPk()
in /home/x3engine/public_html/x2jake/protected/models/ProfileChild.php (45)
in /home/x3engine/public_html/x2jake/protected/models/ActionChild.php (144)
in /home/x3engine/public_html/x2jake/protected/views/actions/index.php (4)
2011/09/14 13:06:29 [trace] [system.db.CDbCommand] Querying SQL: SELECT * FROM `x2_profile` `t` WHERE `t`.`id`=1 LIMIT 1
in /home/x3engine/public_html/x2jake/protected/models/ProfileChild.php (45)
in /home/x3engine/public_html/x2jake/protected/models/ActionChild.php (144)
in /home/x3engine/public_html/x2jake/protected/views/actions/index.php (4)
2011/09/14 13:06:29 [trace] [system.db.ar.CActiveRecord] Profile.findByPk()
in /home/x3engine/public_html/x2jake/protected/models/ProfileChild.php (45)
in /home/x3engine/public_html/x2jake/protected/models/ActionChild.php (189)
in /home/x3engine/public_html/x2jake/protected/views/actions/index.php (5)
2011/09/14 13:06:29 [trace] [system.db.CDbCommand] Querying SQL: SELECT * FROM `x2_profile` `t` WHERE `t`.`id`=1 LIMIT 1
in /home/x3engine/public_html/x2jake/protected/models/ProfileChild.php (45)
in /home/x3engine/public_html/x2jake/protected/models/ActionChild.php (189)
in /home/x3engine/public_html/x2jake/protected/views/actions/index.php (5)
2011/09/14 13:06:29 [trace] [system.db.ar.CActiveRecord] Actions.count()
in /home/x3engine/public_html/x2jake/protected/views/actions/index.php (98)
in /home/x3engine/public_html/x2jake/x2base.php (270)
in /home/x3engine/public_html/x2jake/protected/controllers/ActionsController.php (387)
2011/09/14 13:06:29 [trace] [system.db.ar.CActiveRecord] Actions.findAll()
in /home/x3engine/public_html/x2jake/protected/views/actions/index.php (98)
in /home/x3engine/public_html/x2jake/x2base.php (270)
in /home/x3engine/public_html/x2jake/protected/controllers/ActionsController.php (387)
2011/09/14 13:06:29 [trace] [system.db.CDbCommand] Querying SQL: SELECT * FROM `x2_actions` `t` WHERE (assignedTo='Anyone' || assignedTo='admin') AND complete='Yes' LIMIT 10
in /home/x3engine/public_html/x2jake/protected/views/actions/index.php (98)
in /home/x3engine/public_html/x2jake/x2base.php (270)
in /home/x3engine/public_html/x2jake/protected/controllers/ActionsController.php (387)
2011/09/14 13:06:29 [trace] [system.db.CDbCommand] Querying SQL: SELECT COUNT(*) FROM `x2_actions` `t` WHERE (assignedTo='Anyone' || assignedTo='admin') AND complete='Yes'
in /home/x3engine/public_html/x2jake/protected/views/actions/index.php (98)
in /home/x3engine/public_html/x2jake/x2base.php (270)
in /home/x3engine/public_html/x2jake/protected/controllers/ActionsController.php (387)
2011/09/14 13:06:29 [trace] [system.db.ar.CActiveRecord] Actions.findAll()
in /home/x3engine/public_html/x2jake/protected/views/actions/index.php (98)
in /home/x3engine/public_html/x2jake/x2base.php (270)
in /home/x3engine/public_html/x2jake/protected/controllers/ActionsController.php (387)
2011/09/14 13:06:29 [trace] [system.db.ar.CActiveRecord] Actions.findAll()
in /home/x3engine/public_html/x2jake/protected/views/actions/index.php (98)
in /home/x3engine/public_html/x2jake/x2base.php (270)
in /home/x3engine/public_html/x2jake/protected/controllers/ActionsController.php (387)
2011/09/14 13:06:29 [trace] [system.db.CDbCommand] Querying SQL: SELECT * FROM `x2_actions` `t` WHERE (assignedTo='Anyone' || assignedTo='admin') AND complete='Yes' LIMIT 10
in /home/x3engine/public_html/x2jake/protected/views/actions/index.php (98)
in /home/x3engine/public_html/x2jake/x2base.php (270)
in /home/x3engine/public_html/x2jake/protected/controllers/ActionsController.php (387)
2011/09/14 13:06:29 [trace] [system.db.CDbCommand] Querying SQL: SELECT * FROM `x2_actions` `t` WHERE (assignedTo='Anyone' || assignedTo='admin') AND complete='Yes' ORDER BY completeDate DESC, createDate DESC LIMIT 10
in /home/x3engine/public_html/x2jake/protected/views/actions/index.php (98)
in /home/x3engine/public_html/x2jake/x2base.php (270)
in /home/x3engine/public_html/x2jake/protected/controllers/ActionsController.php (387)
2011/09/14 13:06:29 [trace] [system.db.CDbCommand] Querying SQL: SHOW COLUMNS FROM `x2_users`
in /home/x3engine/public_html/x2jake/protected/models/UserChild.php (49)
in /home/x3engine/public_html/x2jake/protected/components/TopContacts.php (13)
in /home/x3engine/public_html/x2jake/themes/x2engine/views/layouts/column2.php (23)
2011/09/14 13:06:29 [trace] [system.db.CDbCommand] Querying SQL: SHOW CREATE TABLE `x2_users`
in /home/x3engine/public_html/x2jake/protected/models/UserChild.php (49)
in /home/x3engine/public_html/x2jake/protected/components/TopContacts.php (13)
in /home/x3engine/public_html/x2jake/themes/x2engine/views/layouts/column2.php (23)
2011/09/14 13:06:29 [trace] [system.db.ar.CActiveRecord] Users.findByPk()
in /home/x3engine/public_html/x2jake/protected/models/UserChild.php (49)
in /home/x3engine/public_html/x2jake/protected/components/TopContacts.php (13)
in /home/x3engine/public_html/x2jake/themes/x2engine/views/layouts/column2.php (23)
2011/09/14 13:06:29 [trace] [system.db.CDbCommand] Querying SQL: SELECT * FROM `x2_users` `t` WHERE `t`.`id`=1 LIMIT 1
in /home/x3engine/public_html/x2jake/protected/models/UserChild.php (49)
in /home/x3engine/public_html/x2jake/protected/components/TopContacts.php (13)
in /home/x3engine/public_html/x2jake/themes/x2engine/views/layouts/column2.php (23)
2011/09/14 13:06:29 [trace] [system.db.ar.CActiveRecord] Users.findByPk()
in /home/x3engine/public_html/x2jake/protected/models/UserChild.php (64)
in /home/x3engine/public_html/x2jake/protected/components/RecentItems.php (14)
in /home/x3engine/public_html/x2jake/themes/x2engine/views/layouts/column2.php (28)
2011/09/14 13:06:29 [trace] [system.db.CDbCommand] Querying SQL: SELECT * FROM `x2_users` `t` WHERE `t`.`id`=1 LIMIT 1
in /home/x3engine/public_html/x2jake/protected/models/UserChild.php (64)
in /home/x3engine/public_html/x2jake/protected/components/RecentItems.php (14)
in /home/x3engine/public_html/x2jake/themes/x2engine/views/layouts/column2.php (28)
2011/09/14 13:06:29 [trace] [system.db.ar.CActiveRecord] ActionChild.findByPk()
in /home/x3engine/public_html/x2jake/protected/models/UserChild.php (80)
in /home/x3engine/public_html/x2jake/protected/components/RecentItems.php (14)
in /home/x3engine/public_html/x2jake/themes/x2engine/views/layouts/column2.php (28)
2011/09/14 13:06:29 [trace] [system.db.CDbCommand] Querying SQL: SELECT * FROM `x2_actions` `t` WHERE `t`.`id`=95550 LIMIT 1
in /home/x3engine/public_html/x2jake/protected/models/UserChild.php (80)
in /home/x3engine/public_html/x2jake/protected/components/RecentItems.php (14)
in /home/x3engine/public_html/x2jake/themes/x2engine/views/layouts/column2.php (28)
2011/09/14 13:06:29 [trace] [system.db.ar.CActiveRecord] ActionChild.findByPk()
in /home/x3engine/public_html/x2jake/protected/models/UserChild.php (80)
in /home/x3engine/public_html/x2jake/protected/components/RecentItems.php (14)
in /home/x3engine/public_html/x2jake/themes/x2engine/views/layouts/column2.php (28)
2011/09/14 13:06:29 [trace] [system.db.CDbCommand] Querying SQL: SELECT * FROM `x2_actions` `t` WHERE `t`.`id`=95549 LIMIT 1
in /home/x3engine/public_html/x2jake/protected/models/UserChild.php (80)
in /home/x3engine/public_html/x2jake/protected/components/RecentItems.php (14)
in /home/x3engine/public_html/x2jake/themes/x2engine/views/layouts/column2.php (28)
2011/09/14 13:06:29 [trace] [system.db.ar.CActiveRecord] ActionChild.findByPk()
in /home/x3engine/public_html/x2jake/protected/models/UserChild.php (80)
in /home/x3engine/public_html/x2jake/protected/components/RecentItems.php (14)
in /home/x3engine/public_html/x2jake/themes/x2engine/views/layouts/column2.php (28)
2011/09/14 13:06:29 [trace] [system.db.CDbCommand] Querying SQL: SELECT * FROM `x2_actions` `t` WHERE `t`.`id`=95219 LIMIT 1
in /home/x3engine/public_html/x2jake/protected/models/UserChild.php (80)
in /home/x3engine/public_html/x2jake/protected/components/RecentItems.php (14)
in /home/x3engine/public_html/x2jake/themes/x2engine/views/layouts/column2.php (28)
2011/09/14 13:06:29 [trace] [system.db.ar.CActiveRecord] Social.findByAttributes()
in /home/x3engine/public_html/x2jake/protected/components/MessageBox.php (12)
in /home/x3engine/public_html/x2jake/protected/components/SortableWidgets.php (104)
in /home/x3engine/public_html/x2jake/themes/x2engine/views/layouts/column2.php (79)
2011/09/14 13:06:29 [trace] [system.db.CDbCommand] Querying SQL: SELECT * FROM `x2_social` `t` WHERE `t`.`type`=:yp0 LIMIT 1
in /home/x3engine/public_html/x2jake/protected/components/MessageBox.php (12)
in /home/x3engine/public_html/x2jake/protected/components/SortableWidgets.php (104)
in /home/x3engine/public_html/x2jake/themes/x2engine/views/layouts/column2.php (79)
2011/09/14 13:06:29 [trace] [system.db.ar.CActiveRecord] Profile.findByPk()
in /home/x3engine/public_html/x2jake/protected/components/views/quickContact.php (4)
in /home/x3engine/public_html/x2jake/protected/components/QuickContact.php (12)
in /home/x3engine/public_html/x2jake/protected/components/SortableWidgets.php (104)
2011/09/14 13:06:29 [trace] [system.db.CDbCommand] Querying SQL: SELECT * FROM `x2_profile` `t` WHERE `t`.`id`=1 LIMIT 1
in /home/x3engine/public_html/x2jake/protected/components/views/quickContact.php (4)
in /home/x3engine/public_html/x2jake/protected/components/QuickContact.php (12)
in /home/x3engine/public_html/x2jake/protected/components/SortableWidgets.php (104)
2011/09/14 13:06:29 [trace] [system.db.CDbCommand] Querying SQL: SHOW COLUMNS FROM `x2_contacts`
in /home/x3engine/public_html/x2jake/protected/components/views/quickContact.php (12)
in /home/x3engine/public_html/x2jake/protected/components/QuickContact.php (12)
in /home/x3engine/public_html/x2jake/protected/components/SortableWidgets.php (104)
2011/09/14 13:06:29 [trace] [system.db.CDbCommand] Querying SQL: SHOW CREATE TABLE `x2_contacts`
in /home/x3engine/public_html/x2jake/protected/components/views/quickContact.php (12)
in /home/x3engine/public_html/x2jake/protected/components/QuickContact.php (12)
in /home/x3engine/public_html/x2jake/protected/components/SortableWidgets.php (104)
2011/09/14 13:06:29 [trace] [system.db.ar.CActiveRecord] Profile.findByPk()
in /home/x3engine/public_html/x2jake/protected/components/views/chatBox.php (4)
in /home/x3engine/public_html/x2jake/protected/components/ChatBox.php (13)
in /home/x3engine/public_html/x2jake/protected/components/SortableWidgets.php (104)
2011/09/14 13:06:29 [trace] [system.db.CDbCommand] Querying SQL: SELECT * FROM `x2_profile` `t` WHERE `t`.`id`=1 LIMIT 1
in /home/x3engine/public_html/x2jake/protected/components/views/chatBox.php (4)
in /home/x3engine/public_html/x2jake/protected/components/ChatBox.php (13)
in /home/x3engine/public_html/x2jake/protected/components/SortableWidgets.php (104)
2011/09/14 13:06:29 [trace] [system.db.ar.CActiveRecord] Social.findAllByAttributes()
in /home/x3engine/public_html/x2jake/protected/components/NoteBox.php (15)
in /home/x3engine/public_html/x2jake/protected/components/SortableWidgets.php (104)
in /home/x3engine/public_html/x2jake/themes/x2engine/views/layouts/column2.php (79)
2011/09/14 13:06:29 [trace] [system.db.CDbCommand] Querying SQL: SELECT * FROM `x2_social` `t` WHERE `t`.`type`=:yp0 AND `t`.`associationId`=:yp1 ORDER BY timestamp DESC
in /home/x3engine/public_html/x2jake/protected/components/NoteBox.php (15)
in /home/x3engine/public_html/x2jake/protected/components/SortableWidgets.php (104)
in /home/x3engine/public_html/x2jake/themes/x2engine/views/layouts/column2.php (79)
2011/09/14 13:06:29 [trace] [system.db.ar.CActiveRecord] Actions.findAllByAttributes()
in /home/x3engine/public_html/x2jake/protected/components/ActionMenu.php (13)
in /home/x3engine/public_html/x2jake/protected/components/SortableWidgets.php (104)
in /home/x3engine/public_html/x2jake/themes/x2engine/views/layouts/column2.php (79)
2011/09/14 13:06:29 [trace] [system.db.CDbCommand] Querying SQL: SELECT * FROM `x2_actions` `t` WHERE `t`.`assignedTo`=:yp0
in /home/x3engine/public_html/x2jake/protected/components/ActionMenu.php (13)
in /home/x3engine/public_html/x2jake/protected/components/SortableWidgets.php (104)
in /home/x3engine/public_html/x2jake/themes/x2engine/views/layouts/column2.php (79)
2011/09/14 13:06:29 [trace] [system.db.ar.CActiveRecord] Actions.findAllByAttributes()
in /home/x3engine/public_html/x2jake/protected/components/ActionMenu.php (16)
in /home/x3engine/public_html/x2jake/protected/components/SortableWidgets.php (104)
in /home/x3engine/public_html/x2jake/themes/x2engine/views/layouts/column2.php (79)
2011/09/14 13:06:29 [trace] [system.db.CDbCommand] Querying SQL: SELECT * FROM `x2_actions` `t` WHERE `t`.`assignedTo`=:yp0 AND `t`.`complete`=:yp1
in /home/x3engine/public_html/x2jake/protected/components/ActionMenu.php (16)
in /home/x3engine/public_html/x2jake/protected/components/SortableWidgets.php (104)
in /home/x3engine/public_html/x2jake/themes/x2engine/views/layouts/column2.php (79)
2011/09/14 13:06:29 [trace] [system.db.ar.CActiveRecord] Actions.findAllByAttributes()
in /home/x3engine/public_html/x2jake/protected/components/ActionMenu.php (27)
in /home/x3engine/public_html/x2jake/protected/components/SortableWidgets.php (104)
in /home/x3engine/public_html/x2jake/themes/x2engine/views/layouts/column2.php (79)
2011/09/14 13:06:29 [trace] [system.db.CDbCommand] Querying SQL: SELECT * FROM `x2_actions` `t` WHERE `t`.`assignedTo`=:yp0 AND `t`.`complete`=:yp1
in /home/x3engine/public_html/x2jake/protected/components/ActionMenu.php (27)
in /home/x3engine/public_html/x2jake/protected/components/SortableWidgets.php (104)
in /home/x3engine/public_html/x2jake/themes/x2engine/views/layouts/column2.php (79)
2011/09/14 13:06:29 [trace] [system.db.ar.CActiveRecord] ProfileChild.findByPk()
in /home/x3engine/public_html/x2jake/themes/x2engine/views/layouts/main.php (81)
in /home/x3engine/public_html/x2jake/themes/x2engine/views/layouts/column2.php (89)
in /home/x3engine/public_html/x2jake/x2base.php (270)
2011/09/14 13:06:29 [trace] [system.db.CDbCommand] Querying SQL: SELECT * FROM `x2_profile` `t` WHERE `t`.`id`=1 LIMIT 1
in /home/x3engine/public_html/x2jake/themes/x2engine/views/layouts/main.php (81)
in /home/x3engine/public_html/x2jake/themes/x2engine/views/layouts/column2.php (89)
in /home/x3engine/public_html/x2jake/x2base.php (270)
2011/09/14 13:06:29 [trace] [system.db.CDbCommand] Querying SQL: SHOW COLUMNS FROM `x2_admin`
in /home/x3engine/public_html/x2jake/protected/models/Admin.php (21)
in /home/x3engine/public_html/x2jake/themes/x2engine/views/layouts/main.php (127)
in /home/x3engine/public_html/x2jake/themes/x2engine/views/layouts/column2.php (89)
2011/09/14 13:06:29 [trace] [system.db.CDbCommand] Querying SQL: SHOW CREATE TABLE `x2_admin`
in /home/x3engine/public_html/x2jake/protected/models/Admin.php (21)
in /home/x3engine/public_html/x2jake/themes/x2engine/views/layouts/main.php (127)
in /home/x3engine/public_html/x2jake/themes/x2engine/views/layouts/column2.php (89)
2011/09/14 13:06:29 [trace] [system.db.ar.CActiveRecord] Admin.findByPk()
in /home/x3engine/public_html/x2jake/themes/x2engine/views/layouts/main.php (127)
in /home/x3engine/public_html/x2jake/themes/x2engine/views/layouts/column2.php (89)
in /home/x3engine/public_html/x2jake/x2base.php (270)
2011/09/14 13:06:29 [trace] [system.db.CDbCommand] Querying SQL: SELECT * FROM `x2_admin` `t` WHERE `t`.`id`=1 LIMIT 1
in /home/x3engine/public_html/x2jake/themes/x2engine/views/layouts/main.php (127)
in /home/x3engine/public_html/x2jake/themes/x2engine/views/layouts/column2.php (89)
in /home/x3engine/public_html/x2jake/x2base.php (270)
2011/09/14 13:06:30 [trace] [system.db.CDbConnection] Opening DB connection
in /home/x3engine/public_html/x2jake/protected/models/Profile.php (39)
in /home/x3engine/public_html/x2jake/protected/components/ApplicationConfigBehavior.php (26)
in /home/x3engine/public_html/x2jake/index.php (24)
2011/09/14 13:06:30 [trace] [system.db.CDbCommand] Querying SQL: SHOW COLUMNS FROM `x2_profile`
in /home/x3engine/public_html/x2jake/protected/models/Profile.php (39)
in /home/x3engine/public_html/x2jake/protected/components/ApplicationConfigBehavior.php (26)
in /home/x3engine/public_html/x2jake/index.php (24)
2011/09/14 13:06:30 [trace] [system.db.CDbCommand] Querying SQL: SHOW CREATE TABLE `x2_profile`
in /home/x3engine/public_html/x2jake/protected/models/Profile.php (39)
in /home/x3engine/public_html/x2jake/protected/components/ApplicationConfigBehavior.php (26)
in /home/x3engine/public_html/x2jake/index.php (24)
2011/09/14 13:06:30 [trace] [system.db.ar.CActiveRecord] Profile.findByPk()
in /home/x3engine/public_html/x2jake/protected/components/ApplicationConfigBehavior.php (26)
in /home/x3engine/public_html/x2jake/index.php (24)
2011/09/14 13:06:30 [trace] [system.db.CDbCommand] Querying SQL: SELECT * FROM `x2_profile` `t` WHERE `t`.`id`=1 LIMIT 1
in /home/x3engine/public_html/x2jake/protected/components/ApplicationConfigBehavior.php (26)
in /home/x3engine/public_html/x2jake/index.php (24)
2011/09/14 13:06:30 [trace] [system.db.ar.CActiveRecord] Profile.findByAttributes()
in /home/x3engine/public_html/x2jake/protected/components/ApplicationConfigBehavior.php (31)
in /home/x3engine/public_html/x2jake/index.php (24)
2011/09/14 13:06:30 [trace] [system.db.CDbCommand] Querying SQL: SELECT * FROM `x2_profile` `t` WHERE `t`.`username`=:yp0 LIMIT 1
in /home/x3engine/public_html/x2jake/protected/components/ApplicationConfigBehavior.php (31)
in /home/x3engine/public_html/x2jake/index.php (24)
2011/09/14 13:06:30 [trace] [system.db.CDbCommand] Querying SQL: SHOW COLUMNS FROM `x2_media`
in /home/x3engine/public_html/x2jake/protected/models/Media.php (22)
in /home/x3engine/public_html/x2jake/protected/components/ApplicationConfigBehavior.php (32)
in /home/x3engine/public_html/x2jake/index.php (24)
2011/09/14 13:06:30 [trace] [system.db.CDbCommand] Querying SQL: SHOW CREATE TABLE `x2_media`
in /home/x3engine/public_html/x2jake/protected/models/Media.php (22)
in /home/x3engine/public_html/x2jake/protected/components/ApplicationConfigBehavior.php (32)
in /home/x3engine/public_html/x2jake/index.php (24)
2011/09/14 13:06:30 [trace] [system.db.ar.CActiveRecord] Media.findByAttributes()
in /home/x3engine/public_html/x2jake/protected/components/ApplicationConfigBehavior.php (32)
in /home/x3engine/public_html/x2jake/index.php (24)
2011/09/14 13:06:30 [trace] [system.db.CDbCommand] Querying SQL: SELECT * FROM `x2_media` `t` WHERE `t`.`associationId`=:yp0 AND `t`.`associationType`=:yp1 LIMIT 1
in /home/x3engine/public_html/x2jake/protected/components/ApplicationConfigBehavior.php (32)
in /home/x3engine/public_html/x2jake/index.php (24)
2011/09/14 13:06:30 [trace] [system.db.CDbCommand] Querying SQL: SHOW COLUMNS FROM `x2_social`
in /home/x3engine/public_html/x2jake/protected/models/Social.php (24)
in /home/x3engine/public_html/x2jake/protected/components/ApplicationConfigBehavior.php (36)
in /home/x3engine/public_html/x2jake/index.php (24)
2011/09/14 13:06:30 [trace] [system.db.CDbCommand] Querying SQL: SHOW CREATE TABLE `x2_social`
in /home/x3engine/public_html/x2jake/protected/models/Social.php (24)
in /home/x3engine/public_html/x2jake/protected/components/ApplicationConfigBehavior.php (36)
in /home/x3engine/public_html/x2jake/index.php (24)
2011/09/14 13:06:30 [trace] [system.db.ar.CActiveRecord] Social.findByAttributes()
in /home/x3engine/public_html/x2jake/protected/components/ApplicationConfigBehavior.php (36)
in /home/x3engine/public_html/x2jake/index.php (24)
2011/09/14 13:06:30 [trace] [system.db.CDbCommand] Querying SQL: SELECT * FROM `x2_social` `t` WHERE `t`.`type`=:yp0 LIMIT 1
in /home/x3engine/public_html/x2jake/protected/components/ApplicationConfigBehavior.php (36)
in /home/x3engine/public_html/x2jake/index.php (24)
2011/09/14 13:06:30 [trace] [system.db.ar.CActiveRecord] ProfileChild.findByPk()
in /home/x3engine/public_html/x2jake/protected/models/ProfileChild.php (53)
in /home/x3engine/public_html/x2jake/x2base.php (308)
in /home/x3engine/public_html/x2jake/index.php (24)
2011/09/14 13:06:30 [trace] [system.db.CDbCommand] Querying SQL: SELECT * FROM `x2_profile` `t` WHERE `t`.`id`=1 LIMIT 1
in /home/x3engine/public_html/x2jake/protected/models/ProfileChild.php (53)
in /home/x3engine/public_html/x2jake/x2base.php (308)
in /home/x3engine/public_html/x2jake/index.php (24)
2011/09/14 13:06:30 [trace] [system.db.CDbCommand] Querying SQL: SHOW COLUMNS FROM `x2_actions`
in /home/x3engine/public_html/x2jake/protected/controllers/ActionsController.php (385)
in /home/x3engine/public_html/x2jake/x2base.php (313)
in /home/x3engine/public_html/x2jake/index.php (24)
2011/09/14 13:06:30 [trace] [system.db.CDbCommand] Querying SQL: SHOW CREATE TABLE `x2_actions`
in /home/x3engine/public_html/x2jake/protected/controllers/ActionsController.php (385)
in /home/x3engine/public_html/x2jake/x2base.php (313)
in /home/x3engine/public_html/x2jake/index.php (24)
2011/09/14 13:06:30 [trace] [system.db.ar.CActiveRecord] Profile.findByPk()
in /home/x3engine/public_html/x2jake/protected/models/ProfileChild.php (45)
in /home/x3engine/public_html/x2jake/protected/models/ActionChild.php (144)
in /home/x3engine/public_html/x2jake/protected/views/actions/index.php (4)
2011/09/14 13:06:30 [trace] [system.db.CDbCommand] Querying SQL: SELECT * FROM `x2_profile` `t` WHERE `t`.`id`=1 LIMIT 1
in /home/x3engine/public_html/x2jake/protected/models/ProfileChild.php (45)
in /home/x3engine/public_html/x2jake/protected/models/ActionChild.php (144)
in /home/x3engine/public_html/x2jake/protected/views/actions/index.php (4)
2011/09/14 13:06:30 [trace] [system.db.ar.CActiveRecord] Profile.findByPk()
in /home/x3engine/public_html/x2jake/protected/models/ProfileChild.php (45)
in /home/x3engine/public_html/x2jake/protected/models/ActionChild.php (189)
in /home/x3engine/public_html/x2jake/protected/views/actions/index.php (5)
2011/09/14 13:06:30 [trace] [system.db.CDbCommand] Querying SQL: SELECT * FROM `x2_profile` `t` WHERE `t`.`id`=1 LIMIT 1
in /home/x3engine/public_html/x2jake/protected/models/ProfileChild.php (45)
in /home/x3engine/public_html/x2jake/protected/models/ActionChild.php (189)
in /home/x3engine/public_html/x2jake/protected/views/actions/index.php (5)
2011/09/14 13:06:30 [trace] [system.db.ar.CActiveRecord] Actions.count()
in /home/x3engine/public_html/x2jake/protected/views/actions/index.php (98)
in /home/x3engine/public_html/x2jake/x2base.php (270)
in /home/x3engine/public_html/x2jake/protected/controllers/ActionsController.php (387)
2011/09/14 13:06:30 [trace] [system.db.ar.CActiveRecord] Actions.findAll()
in /home/x3engine/public_html/x2jake/protected/views/actions/index.php (98)
in /home/x3engine/public_html/x2jake/x2base.php (270)
in /home/x3engine/public_html/x2jake/protected/controllers/ActionsController.php (387)
2011/09/14 13:06:30 [trace] [system.db.CDbCommand] Querying SQL: SELECT * FROM `x2_actions` `t` WHERE (assignedTo='Anyone' || assignedTo='admin') AND complete='Yes' LIMIT 10
in /home/x3engine/public_html/x2jake/protected/views/actions/index.php (98)
in /home/x3engine/public_html/x2jake/x2base.php (270)
in /home/x3engine/public_html/x2jake/protected/controllers/ActionsController.php (387)
2011/09/14 13:06:30 [trace] [system.db.CDbCommand] Querying SQL: SELECT COUNT(*) FROM `x2_actions` `t` WHERE (assignedTo='Anyone' || assignedTo='admin') AND complete='Yes'
in /home/x3engine/public_html/x2jake/protected/views/actions/index.php (98)
in /home/x3engine/public_html/x2jake/x2base.php (270)
in /home/x3engine/public_html/x2jake/protected/controllers/ActionsController.php (387)
2011/09/14 13:06:30 [trace] [system.db.ar.CActiveRecord] Actions.findAll()
in /home/x3engine/public_html/x2jake/protected/views/actions/index.php (98)
in /home/x3engine/public_html/x2jake/x2base.php (270)
in /home/x3engine/public_html/x2jake/protected/controllers/ActionsController.php (387)
2011/09/14 13:06:30 [trace] [system.db.ar.CActiveRecord] Actions.findAll()
in /home/x3engine/public_html/x2jake/protected/views/actions/index.php (98)
in /home/x3engine/public_html/x2jake/x2base.php (270)
in /home/x3engine/public_html/x2jake/protected/controllers/ActionsController.php (387)
2011/09/14 13:06:30 [trace] [system.db.CDbCommand] Querying SQL: SELECT * FROM `x2_actions` `t` WHERE (assignedTo='Anyone' || assignedTo='admin') AND complete='Yes' LIMIT 10
in /home/x3engine/public_html/x2jake/protected/views/actions/index.php (98)
in /home/x3engine/public_html/x2jake/x2base.php (270)
in /home/x3engine/public_html/x2jake/protected/controllers/ActionsController.php (387)
2011/09/14 13:06:30 [trace] [system.db.CDbCommand] Querying SQL: SELECT * FROM `x2_actions` `t` WHERE (assignedTo='Anyone' || assignedTo='admin') AND complete='Yes' ORDER BY completeDate DESC, createDate DESC LIMIT 10
in /home/x3engine/public_html/x2jake/protected/views/actions/index.php (98)
in /home/x3engine/public_html/x2jake/x2base.php (270)
in /home/x3engine/public_html/x2jake/protected/controllers/ActionsController.php (387)
2011/09/14 13:06:30 [trace] [system.db.CDbCommand] Querying SQL: SHOW COLUMNS FROM `x2_users`
in /home/x3engine/public_html/x2jake/protected/models/UserChild.php (49)
in /home/x3engine/public_html/x2jake/protected/components/TopContacts.php (13)
in /home/x3engine/public_html/x2jake/themes/x2engine/views/layouts/column2.php (23)
2011/09/14 13:06:30 [trace] [system.db.CDbCommand] Querying SQL: SHOW CREATE TABLE `x2_users`
in /home/x3engine/public_html/x2jake/protected/models/UserChild.php (49)
in /home/x3engine/public_html/x2jake/protected/components/TopContacts.php (13)
in /home/x3engine/public_html/x2jake/themes/x2engine/views/layouts/column2.php (23)
2011/09/14 13:06:30 [trace] [system.db.ar.CActiveRecord] Users.findByPk()
in /home/x3engine/public_html/x2jake/protected/models/UserChild.php (49)
in /home/x3engine/public_html/x2jake/protected/components/TopContacts.php (13)
in /home/x3engine/public_html/x2jake/themes/x2engine/views/layouts/column2.php (23)
2011/09/14 13:06:30 [trace] [system.db.CDbCommand] Querying SQL: SELECT * FROM `x2_users` `t` WHERE `t`.`id`=1 LIMIT 1
in /home/x3engine/public_html/x2jake/protected/models/UserChild.php (49)
in /home/x3engine/public_html/x2jake/protected/components/TopContacts.php (13)
in /home/x3engine/public_html/x2jake/themes/x2engine/views/layouts/column2.php (23)
2011/09/14 13:06:30 [trace] [system.db.ar.CActiveRecord] Users.findByPk()
in /home/x3engine/public_html/x2jake/protected/models/UserChild.php (64)
in /home/x3engine/public_html/x2jake/protected/components/RecentItems.php (14)
in /home/x3engine/public_html/x2jake/themes/x2engine/views/layouts/column2.php (28)
2011/09/14 13:06:30 [trace] [system.db.CDbCommand] Querying SQL: SELECT * FROM `x2_users` `t` WHERE `t`.`id`=1 LIMIT 1
in /home/x3engine/public_html/x2jake/protected/models/UserChild.php (64)
in /home/x3engine/public_html/x2jake/protected/components/RecentItems.php (14)
in /home/x3engine/public_html/x2jake/themes/x2engine/views/layouts/column2.php (28)
2011/09/14 13:06:30 [trace] [system.db.ar.CActiveRecord] ActionChild.findByPk()
in /home/x3engine/public_html/x2jake/protected/models/UserChild.php (80)
in /home/x3engine/public_html/x2jake/protected/components/RecentItems.php (14)
in /home/x3engine/public_html/x2jake/themes/x2engine/views/layouts/column2.php (28)
2011/09/14 13:06:30 [trace] [system.db.CDbCommand] Querying SQL: SELECT * FROM `x2_actions` `t` WHERE `t`.`id`=95550 LIMIT 1
in /home/x3engine/public_html/x2jake/protected/models/UserChild.php (80)
in /home/x3engine/public_html/x2jake/protected/components/RecentItems.php (14)
in /home/x3engine/public_html/x2jake/themes/x2engine/views/layouts/column2.php (28)
2011/09/14 13:06:30 [trace] [system.db.ar.CActiveRecord] ActionChild.findByPk()
in /home/x3engine/public_html/x2jake/protected/models/UserChild.php (80)
in /home/x3engine/public_html/x2jake/protected/components/RecentItems.php (14)
in /home/x3engine/public_html/x2jake/themes/x2engine/views/layouts/column2.php (28)
2011/09/14 13:06:30 [trace] [system.db.CDbCommand] Querying SQL: SELECT * FROM `x2_actions` `t` WHERE `t`.`id`=95549 LIMIT 1
in /home/x3engine/public_html/x2jake/protected/models/UserChild.php (80)
in /home/x3engine/public_html/x2jake/protected/components/RecentItems.php (14)
in /home/x3engine/public_html/x2jake/themes/x2engine/views/layouts/column2.php (28)
2011/09/14 13:06:30 [trace] [system.db.ar.CActiveRecord] ActionChild.findByPk()
in /home/x3engine/public_html/x2jake/protected/models/UserChild.php (80)
in /home/x3engine/public_html/x2jake/protected/components/RecentItems.php (14)
in /home/x3engine/public_html/x2jake/themes/x2engine/views/layouts/column2.php (28)
2011/09/14 13:06:30 [trace] [system.db.CDbCommand] Querying SQL: SELECT * FROM `x2_actions` `t` WHERE `t`.`id`=95219 LIMIT 1
in /home/x3engine/public_html/x2jake/protected/models/UserChild.php (80)
in /home/x3engine/public_html/x2jake/protected/components/RecentItems.php (14)
in /home/x3engine/public_html/x2jake/themes/x2engine/views/layouts/column2.php (28)
2011/09/14 13:06:30 [trace] [system.db.ar.CActiveRecord] Social.findByAttributes()
in /home/x3engine/public_html/x2jake/protected/components/MessageBox.php (12)
in /home/x3engine/public_html/x2jake/protected/components/SortableWidgets.php (104)
in /home/x3engine/public_html/x2jake/themes/x2engine/views/layouts/column2.php (79)
2011/09/14 13:06:30 [trace] [system.db.CDbCommand] Querying SQL: SELECT * FROM `x2_social` `t` WHERE `t`.`type`=:yp0 LIMIT 1
in /home/x3engine/public_html/x2jake/protected/components/MessageBox.php (12)
in /home/x3engine/public_html/x2jake/protected/components/SortableWidgets.php (104)
in /home/x3engine/public_html/x2jake/themes/x2engine/views/layouts/column2.php (79)
2011/09/14 13:06:30 [trace] [system.db.ar.CActiveRecord] Profile.findByPk()
in /home/x3engine/public_html/x2jake/protected/components/views/quickContact.php (4)
in /home/x3engine/public_html/x2jake/protected/components/QuickContact.php (12)
in /home/x3engine/public_html/x2jake/protected/components/SortableWidgets.php (104)
2011/09/14 13:06:30 [trace] [system.db.CDbCommand] Querying SQL: SELECT * FROM `x2_profile` `t` WHERE `t`.`id`=1 LIMIT 1
in /home/x3engine/public_html/x2jake/protected/components/views/quickContact.php (4)
in /home/x3engine/public_html/x2jake/protected/components/QuickContact.php (12)
in /home/x3engine/public_html/x2jake/protected/components/SortableWidgets.php (104)
2011/09/14 13:06:30 [trace] [system.db.CDbCommand] Querying SQL: SHOW COLUMNS FROM `x2_contacts`
in /home/x3engine/public_html/x2jake/protected/components/views/quickContact.php (12)
in /home/x3engine/public_html/x2jake/protected/components/QuickContact.php (12)
in /home/x3engine/public_html/x2jake/protected/components/SortableWidgets.php (104)
2011/09/14 13:06:30 [trace] [system.db.CDbCommand] Querying SQL: SHOW CREATE TABLE `x2_contacts`
in /home/x3engine/public_html/x2jake/protected/components/views/quickContact.php (12)
in /home/x3engine/public_html/x2jake/protected/components/QuickContact.php (12)
in /home/x3engine/public_html/x2jake/protected/components/SortableWidgets.php (104)
2011/09/14 13:06:30 [trace] [system.db.ar.CActiveRecord] Profile.findByPk()
in /home/x3engine/public_html/x2jake/protected/components/views/chatBox.php (4)
in /home/x3engine/public_html/x2jake/protected/components/ChatBox.php (13)
in /home/x3engine/public_html/x2jake/protected/components/SortableWidgets.php (104)
2011/09/14 13:06:30 [trace] [system.db.CDbCommand] Querying SQL: SELECT * FROM `x2_profile` `t` WHERE `t`.`id`=1 LIMIT 1
in /home/x3engine/public_html/x2jake/protected/components/views/chatBox.php (4)
in /home/x3engine/public_html/x2jake/protected/components/ChatBox.php (13)
in /home/x3engine/public_html/x2jake/protected/components/SortableWidgets.php (104)
2011/09/14 13:06:30 [trace] [system.db.ar.CActiveRecord] Social.findAllByAttributes()
in /home/x3engine/public_html/x2jake/protected/components/NoteBox.php (15)
in /home/x3engine/public_html/x2jake/protected/components/SortableWidgets.php (104)
in /home/x3engine/public_html/x2jake/themes/x2engine/views/layouts/column2.php (79)
2011/09/14 13:06:30 [trace] [system.db.CDbCommand] Querying SQL: SELECT * FROM `x2_social` `t` WHERE `t`.`type`=:yp0 AND `t`.`associationId`=:yp1 ORDER BY timestamp DESC
in /home/x3engine/public_html/x2jake/protected/components/NoteBox.php (15)
in /home/x3engine/public_html/x2jake/protected/components/SortableWidgets.php (104)
in /home/x3engine/public_html/x2jake/themes/x2engine/views/layouts/column2.php (79)
2011/09/14 13:06:30 [trace] [system.db.ar.CActiveRecord] Actions.findAllByAttributes()
in /home/x3engine/public_html/x2jake/protected/components/ActionMenu.php (13)
in /home/x3engine/public_html/x2jake/protected/components/SortableWidgets.php (104)
in /home/x3engine/public_html/x2jake/themes/x2engine/views/layouts/column2.php (79)
2011/09/14 13:06:30 [trace] [system.db.CDbCommand] Querying SQL: SELECT * FROM `x2_actions` `t` WHERE `t`.`assignedTo`=:yp0
in /home/x3engine/public_html/x2jake/protected/components/ActionMenu.php (13)
in /home/x3engine/public_html/x2jake/protected/components/SortableWidgets.php (104)
in /home/x3engine/public_html/x2jake/themes/x2engine/views/layouts/column2.php (79)
2011/09/14 13:06:30 [trace] [system.db.ar.CActiveRecord] Actions.findAllByAttributes()
in /home/x3engine/public_html/x2jake/protected/components/ActionMenu.php (16)
in /home/x3engine/public_html/x2jake/protected/components/SortableWidgets.php (104)
in /home/x3engine/public_html/x2jake/themes/x2engine/views/layouts/column2.php (79)
2011/09/14 13:06:30 [trace] [system.db.CDbCommand] Querying SQL: SELECT * FROM `x2_actions` `t` WHERE `t`.`assignedTo`=:yp0 AND `t`.`complete`=:yp1
in /home/x3engine/public_html/x2jake/protected/components/ActionMenu.php (16)
in /home/x3engine/public_html/x2jake/protected/components/SortableWidgets.php (104)
in /home/x3engine/public_html/x2jake/themes/x2engine/views/layouts/column2.php (79)
2011/09/14 13:06:30 [trace] [system.db.ar.CActiveRecord] Actions.findAllByAttributes()
in /home/x3engine/public_html/x2jake/protected/components/ActionMenu.php (27)
in /home/x3engine/public_html/x2jake/protected/components/SortableWidgets.php (104)
in /home/x3engine/public_html/x2jake/themes/x2engine/views/layouts/column2.php (79)
2011/09/14 13:06:30 [trace] [system.db.CDbCommand] Querying SQL: SELECT * FROM `x2_actions` `t` WHERE `t`.`assignedTo`=:yp0 AND `t`.`complete`=:yp1
in /home/x3engine/public_html/x2jake/protected/components/ActionMenu.php (27)
in /home/x3engine/public_html/x2jake/protected/components/SortableWidgets.php (104)
in /home/x3engine/public_html/x2jake/themes/x2engine/views/layouts/column2.php (79)
2011/09/14 13:06:30 [trace] [system.db.ar.CActiveRecord] ProfileChild.findByPk()
in /home/x3engine/public_html/x2jake/themes/x2engine/views/layouts/main.php (81)
in /home/x3engine/public_html/x2jake/themes/x2engine/views/layouts/column2.php (89)
in /home/x3engine/public_html/x2jake/x2base.php (270)
2011/09/14 13:06:30 [trace] [system.db.CDbCommand] Querying SQL: SELECT * FROM `x2_profile` `t` WHERE `t`.`id`=1 LIMIT 1
in /home/x3engine/public_html/x2jake/themes/x2engine/views/layouts/main.php (81)
in /home/x3engine/public_html/x2jake/themes/x2engine/views/layouts/column2.php (89)
in /home/x3engine/public_html/x2jake/x2base.php (270)
2011/09/14 13:06:30 [trace] [system.db.CDbCommand] Querying SQL: SHOW COLUMNS FROM `x2_admin`
in /home/x3engine/public_html/x2jake/protected/models/Admin.php (21)
in /home/x3engine/public_html/x2jake/themes/x2engine/views/layouts/main.php (127)
in /home/x3engine/public_html/x2jake/themes/x2engine/views/layouts/column2.php (89)
2011/09/14 13:06:30 [trace] [system.db.CDbCommand] Querying SQL: SHOW CREATE TABLE `x2_admin`
in /home/x3engine/public_html/x2jake/protected/models/Admin.php (21)
in /home/x3engine/public_html/x2jake/themes/x2engine/views/layouts/main.php (127)
in /home/x3engine/public_html/x2jake/themes/x2engine/views/layouts/column2.php (89)
2011/09/14 13:06:30 [trace] [system.db.ar.CActiveRecord] Admin.findByPk()
in /home/x3engine/public_html/x2jake/themes/x2engine/views/layouts/main.php (127)
in /home/x3engine/public_html/x2jake/themes/x2engine/views/layouts/column2.php (89)
in /home/x3engine/public_html/x2jake/x2base.php (270)
2011/09/14 13:06:30 [trace] [system.db.CDbCommand] Querying SQL: SELECT * FROM `x2_admin` `t` WHERE `t`.`id`=1 LIMIT 1
in /home/x3engine/public_html/x2jake/themes/x2engine/views/layouts/main.php (127)
in /home/x3engine/public_html/x2jake/themes/x2engine/views/layouts/column2.php (89)
in /home/x3engine/public_html/x2jake/x2base.php (270)
2011/09/14 13:06:31 [trace] [system.db.CDbConnection] Opening DB connection
in /home/x3engine/public_html/x2jake/protected/models/Profile.php (39)
in /home/x3engine/public_html/x2jake/protected/components/ApplicationConfigBehavior.php (26)
in /home/x3engine/public_html/x2jake/index.php (24)
2011/09/14 13:06:31 [trace] [system.db.CDbCommand] Querying SQL: SHOW COLUMNS FROM `x2_profile`
in /home/x3engine/public_html/x2jake/protected/models/Profile.php (39)
in /home/x3engine/public_html/x2jake/protected/components/ApplicationConfigBehavior.php (26)
in /home/x3engine/public_html/x2jake/index.php (24)
2011/09/14 13:06:31 [trace] [system.db.CDbCommand] Querying SQL: SHOW CREATE TABLE `x2_profile`
in /home/x3engine/public_html/x2jake/protected/models/Profile.php (39)
in /home/x3engine/public_html/x2jake/protected/components/ApplicationConfigBehavior.php (26)
in /home/x3engine/public_html/x2jake/index.php (24)
2011/09/14 13:06:31 [trace] [system.db.ar.CActiveRecord] Profile.findByPk()
in /home/x3engine/public_html/x2jake/protected/components/ApplicationConfigBehavior.php (26)
in /home/x3engine/public_html/x2jake/index.php (24)
2011/09/14 13:06:31 [trace] [system.db.CDbCommand] Querying SQL: SELECT * FROM `x2_profile` `t` WHERE `t`.`id`=1 LIMIT 1
in /home/x3engine/public_html/x2jake/protected/components/ApplicationConfigBehavior.php (26)
in /home/x3engine/public_html/x2jake/index.php (24)
2011/09/14 13:06:31 [trace] [system.db.ar.CActiveRecord] Profile.findByAttributes()
in /home/x3engine/public_html/x2jake/protected/components/ApplicationConfigBehavior.php (31)
in /home/x3engine/public_html/x2jake/index.php (24)
2011/09/14 13:06:31 [trace] [system.db.CDbCommand] Querying SQL: SELECT * FROM `x2_profile` `t` WHERE `t`.`username`=:yp0 LIMIT 1
in /home/x3engine/public_html/x2jake/protected/components/ApplicationConfigBehavior.php (31)
in /home/x3engine/public_html/x2jake/index.php (24)
2011/09/14 13:06:31 [trace] [system.db.CDbCommand] Querying SQL: SHOW COLUMNS FROM `x2_media`
in /home/x3engine/public_html/x2jake/protected/models/Media.php (22)
in /home/x3engine/public_html/x2jake/protected/components/ApplicationConfigBehavior.php (32)
in /home/x3engine/public_html/x2jake/index.php (24)
2011/09/14 13:06:31 [trace] [system.db.CDbCommand] Querying SQL: SHOW CREATE TABLE `x2_media`
in /home/x3engine/public_html/x2jake/protected/models/Media.php (22)
in /home/x3engine/public_html/x2jake/protected/components/ApplicationConfigBehavior.php (32)
in /home/x3engine/public_html/x2jake/index.php (24)
2011/09/14 13:06:31 [trace] [system.db.ar.CActiveRecord] Media.findByAttributes()
in /home/x3engine/public_html/x2jake/protected/components/ApplicationConfigBehavior.php (32)
in /home/x3engine/public_html/x2jake/index.php (24)
2011/09/14 13:06:31 [trace] [system.db.CDbCommand] Querying SQL: SELECT * FROM `x2_media` `t` WHERE `t`.`associationId`=:yp0 AND `t`.`associationType`=:yp1 LIMIT 1
in /home/x3engine/public_html/x2jake/protected/components/ApplicationConfigBehavior.php (32)
in /home/x3engine/public_html/x2jake/index.php (24)
2011/09/14 13:06:31 [trace] [system.db.CDbCommand] Querying SQL: SHOW COLUMNS FROM `x2_social`
in /home/x3engine/public_html/x2jake/protected/models/Social.php (24)
in /home/x3engine/public_html/x2jake/protected/components/ApplicationConfigBehavior.php (36)
in /home/x3engine/public_html/x2jake/index.php (24)
2011/09/14 13:06:31 [trace] [system.db.CDbCommand] Querying SQL: SHOW CREATE TABLE `x2_social`
in /home/x3engine/public_html/x2jake/protected/models/Social.php (24)
in /home/x3engine/public_html/x2jake/protected/components/ApplicationConfigBehavior.php (36)
in /home/x3engine/public_html/x2jake/index.php (24)
2011/09/14 13:06:31 [trace] [system.db.ar.CActiveRecord] Social.findByAttributes()
in /home/x3engine/public_html/x2jake/protected/components/ApplicationConfigBehavior.php (36)
in /home/x3engine/public_html/x2jake/index.php (24)
2011/09/14 13:06:31 [trace] [system.db.CDbCommand] Querying SQL: SELECT * FROM `x2_social` `t` WHERE `t`.`type`=:yp0 LIMIT 1
in /home/x3engine/public_html/x2jake/protected/components/ApplicationConfigBehavior.php (36)
in /home/x3engine/public_html/x2jake/index.php (24)
2011/09/14 13:06:31 [trace] [system.db.ar.CActiveRecord] ProfileChild.findByPk()
in /home/x3engine/public_html/x2jake/protected/models/ProfileChild.php (53)
in /home/x3engine/public_html/x2jake/protected/controllers/SiteController.php (22)
in /home/x3engine/public_html/x2jake/index.php (24)
2011/09/14 13:06:31 [trace] [system.db.CDbCommand] Querying SQL: SELECT * FROM `x2_profile` `t` WHERE `t`.`id`=1 LIMIT 1
in /home/x3engine/public_html/x2jake/protected/models/ProfileChild.php (53)
in /home/x3engine/public_html/x2jake/protected/controllers/SiteController.php (22)
in /home/x3engine/public_html/x2jake/index.php (24)
2011/09/14 13:06:31 [trace] [system.db.ar.CActiveRecord] Social.findAll()
in /home/x3engine/public_html/x2jake/protected/controllers/SiteController.php (138)
in /home/x3engine/public_html/x2jake/protected/controllers/SiteController.php (31)
in /home/x3engine/public_html/x2jake/index.php (24)
2011/09/14 13:06:31 [trace] [system.db.CDbCommand] Querying SQL: SELECT * FROM `x2_social` `t` WHERE type='chat' AND timestamp > 1315983600 AND id > 0 ORDER BY timestamp ASC
in /home/x3engine/public_html/x2jake/protected/controllers/SiteController.php (138)
in /home/x3engine/public_html/x2jake/protected/controllers/SiteController.php (31)
in /home/x3engine/public_html/x2jake/index.php (24)
2011/09/14 13:06:31 [trace] [system.db.CDbConnection] Opening DB connection
in /home/x3engine/public_html/x2jake/protected/models/Profile.php (39)
in /home/x3engine/public_html/x2jake/protected/components/ApplicationConfigBehavior.php (26)
in /home/x3engine/public_html/x2jake/index.php (24)
2011/09/14 13:06:31 [trace] [system.db.CDbCommand] Querying SQL: SHOW COLUMNS FROM `x2_profile`
in /home/x3engine/public_html/x2jake/protected/models/Profile.php (39)
in /home/x3engine/public_html/x2jake/protected/components/ApplicationConfigBehavior.php (26)
in /home/x3engine/public_html/x2jake/index.php (24)
2011/09/14 13:06:31 [trace] [system.db.CDbCommand] Querying SQL: SHOW CREATE TABLE `x2_profile`
in /home/x3engine/public_html/x2jake/protected/models/Profile.php (39)
in /home/x3engine/public_html/x2jake/protected/components/ApplicationConfigBehavior.php (26)
in /home/x3engine/public_html/x2jake/index.php (24)
2011/09/14 13:06:31 [trace] [system.db.ar.CActiveRecord] Profile.findByPk()
in /home/x3engine/public_html/x2jake/protected/components/ApplicationConfigBehavior.php (26)
in /home/x3engine/public_html/x2jake/index.php (24)
2011/09/14 13:06:31 [trace] [system.db.CDbCommand] Querying SQL: SELECT * FROM `x2_profile` `t` WHERE `t`.`id`=1 LIMIT 1
in /home/x3engine/public_html/x2jake/protected/components/ApplicationConfigBehavior.php (26)
in /home/x3engine/public_html/x2jake/index.php (24)
2011/09/14 13:06:31 [trace] [system.db.ar.CActiveRecord] Profile.findByAttributes()
in /home/x3engine/public_html/x2jake/protected/components/ApplicationConfigBehavior.php (31)
in /home/x3engine/public_html/x2jake/index.php (24)
2011/09/14 13:06:31 [trace] [system.db.CDbCommand] Querying SQL: SELECT * FROM `x2_profile` `t` WHERE `t`.`username`=:yp0 LIMIT 1
in /home/x3engine/public_html/x2jake/protected/components/ApplicationConfigBehavior.php (31)
in /home/x3engine/public_html/x2jake/index.php (24)
2011/09/14 13:06:31 [trace] [system.db.CDbCommand] Querying SQL: SHOW COLUMNS FROM `x2_media`
in /home/x3engine/public_html/x2jake/protected/models/Media.php (22)
in /home/x3engine/public_html/x2jake/protected/components/ApplicationConfigBehavior.php (32)
in /home/x3engine/public_html/x2jake/index.php (24)
2011/09/14 13:06:31 [trace] [system.db.CDbCommand] Querying SQL: SHOW CREATE TABLE `x2_media`
in /home/x3engine/public_html/x2jake/protected/models/Media.php (22)
in /home/x3engine/public_html/x2jake/protected/components/ApplicationConfigBehavior.php (32)
in /home/x3engine/public_html/x2jake/index.php (24)
2011/09/14 13:06:31 [trace] [system.db.ar.CActiveRecord] Media.findByAttributes()
in /home/x3engine/public_html/x2jake/protected/components/ApplicationConfigBehavior.php (32)
in /home/x3engine/public_html/x2jake/index.php (24)
2011/09/14 13:06:31 [trace] [system.db.CDbCommand] Querying SQL: SELECT * FROM `x2_media` `t` WHERE `t`.`associationId`=:yp0 AND `t`.`associationType`=:yp1 LIMIT 1
in /home/x3engine/public_html/x2jake/protected/components/ApplicationConfigBehavior.php (32)
in /home/x3engine/public_html/x2jake/index.php (24)
2011/09/14 13:06:31 [trace] [system.db.CDbCommand] Querying SQL: SHOW COLUMNS FROM `x2_social`
in /home/x3engine/public_html/x2jake/protected/models/Social.php (24)
in /home/x3engine/public_html/x2jake/protected/components/ApplicationConfigBehavior.php (36)
in /home/x3engine/public_html/x2jake/index.php (24)
2011/09/14 13:06:31 [trace] [system.db.CDbCommand] Querying SQL: SHOW CREATE TABLE `x2_social`
in /home/x3engine/public_html/x2jake/protected/models/Social.php (24)
in /home/x3engine/public_html/x2jake/protected/components/ApplicationConfigBehavior.php (36)
in /home/x3engine/public_html/x2jake/index.php (24)
2011/09/14 13:06:31 [trace] [system.db.ar.CActiveRecord] Social.findByAttributes()
in /home/x3engine/public_html/x2jake/protected/components/ApplicationConfigBehavior.php (36)
in /home/x3engine/public_html/x2jake/index.php (24)
2011/09/14 13:06:31 [trace] [system.db.CDbCommand] Querying SQL: SELECT * FROM `x2_social` `t` WHERE `t`.`type`=:yp0 LIMIT 1
in /home/x3engine/public_html/x2jake/protected/components/ApplicationConfigBehavior.php (36)
in /home/x3engine/public_html/x2jake/index.php (24)
2011/09/14 13:06:31 [trace] [system.db.ar.CActiveRecord] ProfileChild.findByPk()
in /home/x3engine/public_html/x2jake/protected/models/ProfileChild.php (53)
in /home/x3engine/public_html/x2jake/protected/controllers/SiteController.php (22)
in /home/x3engine/public_html/x2jake/index.php (24)
2011/09/14 13:06:31 [trace] [system.db.CDbCommand] Querying SQL: SELECT * FROM `x2_profile` `t` WHERE `t`.`id`=1 LIMIT 1
in /home/x3engine/public_html/x2jake/protected/models/ProfileChild.php (53)
in /home/x3engine/public_html/x2jake/protected/controllers/SiteController.php (22)
in /home/x3engine/public_html/x2jake/index.php (24)
2011/09/14 13:06:31 [trace] [system.db.ar.CActiveRecord] Social.findAllByAttributes()
in /home/x3engine/public_html/x2jake/protected/controllers/SiteController.php (192)
in /home/x3engine/public_html/x2jake/protected/controllers/SiteController.php (31)
in /home/x3engine/public_html/x2jake/index.php (24)
2011/09/14 13:06:31 [trace] [system.db.CDbCommand] Querying SQL: SELECT * FROM `x2_social` `t` WHERE `t`.`type`=:yp0 AND `t`.`associationId`=:yp1 ORDER BY timestamp DESC
in /home/x3engine/public_html/x2jake/protected/controllers/SiteController.php (192)
in /home/x3engine/public_html/x2jake/protected/controllers/SiteController.php (31)
in /home/x3engine/public_html/x2jake/index.php (24)
2011/09/14 13:06:33 [trace] [system.db.CDbConnection] Opening DB connection
in /home/x3engine/public_html/x2jake/protected/models/Profile.php (39)
in /home/x3engine/public_html/x2jake/protected/components/ApplicationConfigBehavior.php (26)
in /home/x3engine/public_html/x2jake/index.php (24)
2011/09/14 13:06:33 [trace] [system.db.CDbCommand] Querying SQL: SHOW COLUMNS FROM `x2_profile`
in /home/x3engine/public_html/x2jake/protected/models/Profile.php (39)
in /home/x3engine/public_html/x2jake/protected/components/ApplicationConfigBehavior.php (26)
in /home/x3engine/public_html/x2jake/index.php (24)
2011/09/14 13:06:33 [trace] [system.db.CDbCommand] Querying SQL: SHOW CREATE TABLE `x2_profile`
in /home/x3engine/public_html/x2jake/protected/models/Profile.php (39)
in /home/x3engine/public_html/x2jake/protected/components/ApplicationConfigBehavior.php (26)
in /home/x3engine/public_html/x2jake/index.php (24)
2011/09/14 13:06:33 [trace] [system.db.ar.CActiveRecord] Profile.findByPk()
in /home/x3engine/public_html/x2jake/protected/components/ApplicationConfigBehavior.php (26)
in /home/x3engine/public_html/x2jake/index.php (24)
2011/09/14 13:06:33 [trace] [system.db.CDbCommand] Querying SQL: SELECT * FROM `x2_profile` `t` WHERE `t`.`id`=1 LIMIT 1
in /home/x3engine/public_html/x2jake/protected/components/ApplicationConfigBehavior.php (26)
in /home/x3engine/public_html/x2jake/index.php (24)
2011/09/14 13:06:33 [trace] [system.db.ar.CActiveRecord] Profile.findByAttributes()
in /home/x3engine/public_html/x2jake/protected/components/ApplicationConfigBehavior.php (31)
in /home/x3engine/public_html/x2jake/index.php (24)
2011/09/14 13:06:33 [trace] [system.db.CDbCommand] Querying SQL: SELECT * FROM `x2_profile` `t` WHERE `t`.`username`=:yp0 LIMIT 1
in /home/x3engine/public_html/x2jake/protected/components/ApplicationConfigBehavior.php (31)
in /home/x3engine/public_html/x2jake/index.php (24)
2011/09/14 13:06:33 [trace] [system.db.CDbCommand] Querying SQL: SHOW COLUMNS FROM `x2_media`
in /home/x3engine/public_html/x2jake/protected/models/Media.php (22)
in /home/x3engine/public_html/x2jake/protected/components/ApplicationConfigBehavior.php (32)
in /home/x3engine/public_html/x2jake/index.php (24)
2011/09/14 13:06:33 [trace] [system.db.CDbCommand] Querying SQL: SHOW CREATE TABLE `x2_media`
in /home/x3engine/public_html/x2jake/protected/models/Media.php (22)
in /home/x3engine/public_html/x2jake/protected/components/ApplicationConfigBehavior.php (32)
in /home/x3engine/public_html/x2jake/index.php (24)
2011/09/14 13:06:33 [trace] [system.db.ar.CActiveRecord] Media.findByAttributes()
in /home/x3engine/public_html/x2jake/protected/components/ApplicationConfigBehavior.php (32)
in /home/x3engine/public_html/x2jake/index.php (24)
2011/09/14 13:06:33 [trace] [system.db.CDbCommand] Querying SQL: SELECT * FROM `x2_media` `t` WHERE `t`.`associationId`=:yp0 AND `t`.`associationType`=:yp1 LIMIT 1
in /home/x3engine/public_html/x2jake/protected/components/ApplicationConfigBehavior.php (32)
in /home/x3engine/public_html/x2jake/index.php (24)
2011/09/14 13:06:33 [trace] [system.db.CDbCommand] Querying SQL: SHOW COLUMNS FROM `x2_social`
in /home/x3engine/public_html/x2jake/protected/models/Social.php (24)
in /home/x3engine/public_html/x2jake/protected/components/ApplicationConfigBehavior.php (36)
in /home/x3engine/public_html/x2jake/index.php (24)
2011/09/14 13:06:33 [trace] [system.db.CDbCommand] Querying SQL: SHOW CREATE TABLE `x2_social`
in /home/x3engine/public_html/x2jake/protected/models/Social.php (24)
in /home/x3engine/public_html/x2jake/protected/components/ApplicationConfigBehavior.php (36)
in /home/x3engine/public_html/x2jake/index.php (24)
2011/09/14 13:06:33 [trace] [system.db.ar.CActiveRecord] Social.findByAttributes()
in /home/x3engine/public_html/x2jake/protected/components/ApplicationConfigBehavior.php (36)
in /home/x3engine/public_html/x2jake/index.php (24)
2011/09/14 13:06:33 [trace] [system.db.CDbCommand] Querying SQL: SELECT * FROM `x2_social` `t` WHERE `t`.`type`=:yp0 LIMIT 1
in /home/x3engine/public_html/x2jake/protected/components/ApplicationConfigBehavior.php (36)
in /home/x3engine/public_html/x2jake/index.php (24)
2011/09/14 13:06:33 [trace] [system.db.ar.CActiveRecord] ProfileChild.findByPk()
in /home/x3engine/public_html/x2jake/protected/models/ProfileChild.php (53)
in /home/x3engine/public_html/x2jake/protected/controllers/SiteController.php (22)
in /home/x3engine/public_html/x2jake/index.php (24)
2011/09/14 13:06:33 [trace] [system.db.CDbCommand] Querying SQL: SELECT * FROM `x2_profile` `t` WHERE `t`.`id`=1 LIMIT 1
in /home/x3engine/public_html/x2jake/protected/models/ProfileChild.php (53)
in /home/x3engine/public_html/x2jake/protected/controllers/SiteController.php (22)
in /home/x3engine/public_html/x2jake/index.php (24)
2011/09/14 13:06:33 [trace] [system.db.ar.CActiveRecord] Social.findAll()
in /home/x3engine/public_html/x2jake/protected/controllers/SiteController.php (138)
in /home/x3engine/public_html/x2jake/protected/controllers/SiteController.php (31)
in /home/x3engine/public_html/x2jake/index.php (24)
2011/09/14 13:06:33 [trace] [system.db.CDbCommand] Querying SQL: SELECT * FROM `x2_social` `t` WHERE type='chat' AND timestamp > 1315983600 AND id > 0 ORDER BY timestamp ASC
in /home/x3engine/public_html/x2jake/protected/controllers/SiteController.php (138)
in /home/x3engine/public_html/x2jake/protected/controllers/SiteController.php (31)
in /home/x3engine/public_html/x2jake/index.php (24)
2011/09/14 13:06:36 [trace] [system.db.CDbConnection] Opening DB connection
in /home/x3engine/public_html/x2jake/protected/models/Profile.php (39)
in /home/x3engine/public_html/x2jake/protected/components/ApplicationConfigBehavior.php (26)
in /home/x3engine/public_html/x2jake/index.php (24)
2011/09/14 13:06:36 [trace] [system.db.CDbCommand] Querying SQL: SHOW COLUMNS FROM `x2_profile`
in /home/x3engine/public_html/x2jake/protected/models/Profile.php (39)
in /home/x3engine/public_html/x2jake/protected/components/ApplicationConfigBehavior.php (26)
in /home/x3engine/public_html/x2jake/index.php (24)
2011/09/14 13:06:36 [trace] [system.db.CDbCommand] Querying SQL: SHOW CREATE TABLE `x2_profile`
in /home/x3engine/public_html/x2jake/protected/models/Profile.php (39)
in /home/x3engine/public_html/x2jake/protected/components/ApplicationConfigBehavior.php (26)
in /home/x3engine/public_html/x2jake/index.php (24)
2011/09/14 13:06:36 [trace] [system.db.ar.CActiveRecord] Profile.findByPk()
in /home/x3engine/public_html/x2jake/protected/components/ApplicationConfigBehavior.php (26)
in /home/x3engine/public_html/x2jake/index.php (24)
2011/09/14 13:06:36 [trace] [system.db.CDbCommand] Querying SQL: SELECT * FROM `x2_profile` `t` WHERE `t`.`id`=1 LIMIT 1
in /home/x3engine/public_html/x2jake/protected/components/ApplicationConfigBehavior.php (26)
in /home/x3engine/public_html/x2jake/index.php (24)
2011/09/14 13:06:36 [trace] [system.db.ar.CActiveRecord] Profile.findByAttributes()
in /home/x3engine/public_html/x2jake/protected/components/ApplicationConfigBehavior.php (31)
in /home/x3engine/public_html/x2jake/index.php (24)
2011/09/14 13:06:36 [trace] [system.db.CDbCommand] Querying SQL: SELECT * FROM `x2_profile` `t` WHERE `t`.`username`=:yp0 LIMIT 1
in /home/x3engine/public_html/x2jake/protected/components/ApplicationConfigBehavior.php (31)
in /home/x3engine/public_html/x2jake/index.php (24)
2011/09/14 13:06:36 [trace] [system.db.CDbCommand] Querying SQL: SHOW COLUMNS FROM `x2_media`
in /home/x3engine/public_html/x2jake/protected/models/Media.php (22)
in /home/x3engine/public_html/x2jake/protected/components/ApplicationConfigBehavior.php (32)
in /home/x3engine/public_html/x2jake/index.php (24)
2011/09/14 13:06:36 [trace] [system.db.CDbCommand] Querying SQL: SHOW CREATE TABLE `x2_media`
in /home/x3engine/public_html/x2jake/protected/models/Media.php (22)
in /home/x3engine/public_html/x2jake/protected/components/ApplicationConfigBehavior.php (32)
in /home/x3engine/public_html/x2jake/index.php (24)
2011/09/14 13:06:36 [trace] [system.db.ar.CActiveRecord] Media.findByAttributes()
in /home/x3engine/public_html/x2jake/protected/components/ApplicationConfigBehavior.php (32)
in /home/x3engine/public_html/x2jake/index.php (24)
2011/09/14 13:06:36 [trace] [system.db.CDbCommand] Querying SQL: SELECT * FROM `x2_media` `t` WHERE `t`.`associationId`=:yp0 AND `t`.`associationType`=:yp1 LIMIT 1
in /home/x3engine/public_html/x2jake/protected/components/ApplicationConfigBehavior.php (32)
in /home/x3engine/public_html/x2jake/index.php (24)
2011/09/14 13:06:36 [trace] [system.db.CDbCommand] Querying SQL: SHOW COLUMNS FROM `x2_social`
in /home/x3engine/public_html/x2jake/protected/models/Social.php (24)
in /home/x3engine/public_html/x2jake/protected/components/ApplicationConfigBehavior.php (36)
in /home/x3engine/public_html/x2jake/index.php (24)
2011/09/14 13:06:36 [trace] [system.db.CDbCommand] Querying SQL: SHOW CREATE TABLE `x2_social`
in /home/x3engine/public_html/x2jake/protected/models/Social.php (24)
in /home/x3engine/public_html/x2jake/protected/components/ApplicationConfigBehavior.php (36)
in /home/x3engine/public_html/x2jake/index.php (24)
2011/09/14 13:06:36 [trace] [system.db.ar.CActiveRecord] Social.findByAttributes()
in /home/x3engine/public_html/x2jake/protected/components/ApplicationConfigBehavior.php (36)
in /home/x3engine/public_html/x2jake/index.php (24)
2011/09/14 13:06:36 [trace] [system.db.CDbCommand] Querying SQL: SELECT * FROM `x2_social` `t` WHERE `t`.`type`=:yp0 LIMIT 1
in /home/x3engine/public_html/x2jake/protected/components/ApplicationConfigBehavior.php (36)
in /home/x3engine/public_html/x2jake/index.php (24)
2011/09/14 13:06:36 [trace] [system.db.ar.CActiveRecord] ProfileChild.findByPk()
in /home/x3engine/public_html/x2jake/protected/models/ProfileChild.php (53)
in /home/x3engine/public_html/x2jake/protected/controllers/SiteController.php (22)
in /home/x3engine/public_html/x2jake/index.php (24)
2011/09/14 13:06:36 [trace] [system.db.CDbCommand] Querying SQL: SELECT * FROM `x2_profile` `t` WHERE `t`.`id`=1 LIMIT 1
in /home/x3engine/public_html/x2jake/protected/models/ProfileChild.php (53)
in /home/x3engine/public_html/x2jake/protected/controllers/SiteController.php (22)
in /home/x3engine/public_html/x2jake/index.php (24)
2011/09/14 13:06:36 [trace] [system.db.ar.CActiveRecord] Social.findAll()
in /home/x3engine/public_html/x2jake/protected/controllers/SiteController.php (138)
in /home/x3engine/public_html/x2jake/protected/controllers/SiteController.php (31)
in /home/x3engine/public_html/x2jake/index.php (24)
2011/09/14 13:06:36 [trace] [system.db.CDbCommand] Querying SQL: SELECT * FROM `x2_social` `t` WHERE type='chat' AND timestamp > 1315983600 AND id > 0 ORDER BY timestamp ASC
in /home/x3engine/public_html/x2jake/protected/controllers/SiteController.php (138)
in /home/x3engine/public_html/x2jake/protected/controllers/SiteController.php (31)
in /home/x3engine/public_html/x2jake/index.php (24)
2011/09/14 13:06:38 [trace] [system.db.CDbConnection] Opening DB connection
in /home/x3engine/public_html/x2jake/protected/models/Profile.php (39)
in /home/x3engine/public_html/x2jake/protected/components/ApplicationConfigBehavior.php (26)
in /home/x3engine/public_html/x2jake/index.php (24)
2011/09/14 13:06:38 [trace] [system.db.CDbCommand] Querying SQL: SHOW COLUMNS FROM `x2_profile`
in /home/x3engine/public_html/x2jake/protected/models/Profile.php (39)
in /home/x3engine/public_html/x2jake/protected/components/ApplicationConfigBehavior.php (26)
in /home/x3engine/public_html/x2jake/index.php (24)
2011/09/14 13:06:38 [trace] [system.db.CDbCommand] Querying SQL: SHOW CREATE TABLE `x2_profile`
in /home/x3engine/public_html/x2jake/protected/models/Profile.php (39)
in /home/x3engine/public_html/x2jake/protected/components/ApplicationConfigBehavior.php (26)
in /home/x3engine/public_html/x2jake/index.php (24)
2011/09/14 13:06:38 [trace] [system.db.ar.CActiveRecord] Profile.findByPk()
in /home/x3engine/public_html/x2jake/protected/components/ApplicationConfigBehavior.php (26)
in /home/x3engine/public_html/x2jake/index.php (24)
2011/09/14 13:06:38 [trace] [system.db.CDbCommand] Querying SQL: SELECT * FROM `x2_profile` `t` WHERE `t`.`id`=1 LIMIT 1
in /home/x3engine/public_html/x2jake/protected/components/ApplicationConfigBehavior.php (26)
in /home/x3engine/public_html/x2jake/index.php (24)
2011/09/14 13:06:38 [trace] [system.db.ar.CActiveRecord] Profile.findByAttributes()
in /home/x3engine/public_html/x2jake/protected/components/ApplicationConfigBehavior.php (31)
in /home/x3engine/public_html/x2jake/index.php (24)
2011/09/14 13:06:38 [trace] [system.db.CDbCommand] Querying SQL: SELECT * FROM `x2_profile` `t` WHERE `t`.`username`=:yp0 LIMIT 1
in /home/x3engine/public_html/x2jake/protected/components/ApplicationConfigBehavior.php (31)
in /home/x3engine/public_html/x2jake/index.php (24)
2011/09/14 13:06:38 [trace] [system.db.CDbCommand] Querying SQL: SHOW COLUMNS FROM `x2_media`
in /home/x3engine/public_html/x2jake/protected/models/Media.php (22)
in /home/x3engine/public_html/x2jake/protected/components/ApplicationConfigBehavior.php (32)
in /home/x3engine/public_html/x2jake/index.php (24)
2011/09/14 13:06:38 [trace] [system.db.CDbCommand] Querying SQL: SHOW CREATE TABLE `x2_media`
in /home/x3engine/public_html/x2jake/protected/models/Media.php (22)
in /home/x3engine/public_html/x2jake/protected/components/ApplicationConfigBehavior.php (32)
in /home/x3engine/public_html/x2jake/index.php (24)
2011/09/14 13:06:38 [trace] [system.db.ar.CActiveRecord] Media.findByAttributes()
in /home/x3engine/public_html/x2jake/protected/components/ApplicationConfigBehavior.php (32)
in /home/x3engine/public_html/x2jake/index.php (24)
2011/09/14 13:06:38 [trace] [system.db.CDbCommand] Querying SQL: SELECT * FROM `x2_media` `t` WHERE `t`.`associationId`=:yp0 AND `t`.`associationType`=:yp1 LIMIT 1
in /home/x3engine/public_html/x2jake/protected/components/ApplicationConfigBehavior.php (32)
in /home/x3engine/public_html/x2jake/index.php (24)
2011/09/14 13:06:38 [trace] [system.db.CDbCommand] Querying SQL: SHOW COLUMNS FROM `x2_social`
in /home/x3engine/public_html/x2jake/protected/models/Social.php (24)
in /home/x3engine/public_html/x2jake/protected/components/ApplicationConfigBehavior.php (36)
in /home/x3engine/public_html/x2jake/index.php (24)
2011/09/14 13:06:38 [trace] [system.db.CDbCommand] Querying SQL: SHOW CREATE TABLE `x2_social`
in /home/x3engine/public_html/x2jake/protected/models/Social.php (24)
in /home/x3engine/public_html/x2jake/protected/components/ApplicationConfigBehavior.php (36)
in /home/x3engine/public_html/x2jake/index.php (24)
2011/09/14 13:06:38 [trace] [system.db.ar.CActiveRecord] Social.findByAttributes()
in /home/x3engine/public_html/x2jake/protected/components/ApplicationConfigBehavior.php (36)
in /home/x3engine/public_html/x2jake/index.php (24)
2011/09/14 13:06:38 [trace] [system.db.CDbCommand] Querying SQL: SELECT * FROM `x2_social` `t` WHERE `t`.`type`=:yp0 LIMIT 1
in /home/x3engine/public_html/x2jake/protected/components/ApplicationConfigBehavior.php (36)
in /home/x3engine/public_html/x2jake/index.php (24)
2011/09/14 13:06:38 [trace] [system.db.ar.CActiveRecord] ProfileChild.findByPk()
in /home/x3engine/public_html/x2jake/protected/models/ProfileChild.php (53)
in /home/x3engine/public_html/x2jake/protected/controllers/SiteController.php (22)
in /home/x3engine/public_html/x2jake/index.php (24)
2011/09/14 13:06:38 [trace] [system.db.CDbCommand] Querying SQL: SELECT * FROM `x2_profile` `t` WHERE `t`.`id`=1 LIMIT 1
in /home/x3engine/public_html/x2jake/protected/models/ProfileChild.php (53)
in /home/x3engine/public_html/x2jake/protected/controllers/SiteController.php (22)
in /home/x3engine/public_html/x2jake/index.php (24)
2011/09/14 13:06:38 [trace] [system.db.ar.CActiveRecord] Social.findAll()
in /home/x3engine/public_html/x2jake/protected/controllers/SiteController.php (138)
in /home/x3engine/public_html/x2jake/protected/controllers/SiteController.php (31)
in /home/x3engine/public_html/x2jake/index.php (24)
2011/09/14 13:06:38 [trace] [system.db.CDbCommand] Querying SQL: SELECT * FROM `x2_social` `t` WHERE type='chat' AND timestamp > 1315983600 AND id > 0 ORDER BY timestamp ASC
in /home/x3engine/public_html/x2jake/protected/controllers/SiteController.php (138)
in /home/x3engine/public_html/x2jake/protected/controllers/SiteController.php (31)
in /home/x3engine/public_html/x2jake/index.php (24)
